This is pdfTeX, Version 3.141592653-2.6-1.40.25 (TeX Live 2023) (preloaded format=pdflatex 2023.10.4)  6 FEB 2025 10:39
entering extended mode
 restricted \write18 enabled.
 file:line:error style messages enabled.
 %&-line parsing enabled.
**"c:/School/BS Thesis/documents/PRPE-paper/revtex-tds/doc/latex/revtex/aps/apsguide4-2.tex"
(c:/School/BS Thesis/documents/PRPE-paper/revtex-tds/doc/latex/revtex/aps/apsguide4-2.tex
LaTeX2e <2023-06-01> patch level 1
L3 programming layer <2023-08-29>
(c:/texlive/2023/texmf-dist/tex/latex/revtex/revtex4-2.cls
Document Class: revtex4-2 2022/06/05 4.2f (https://journals.aps.org/revtex/ for documentation)
 Copyright (c) 2019 American Physical Society.
 mailto:revtex@aps.org
 Licensed under the LPPL:
http://www.ctan.org/tex-archive/macros/latex/base/lppl.txt
 Arthur Ogawa <arthur_ogawa at sbcglobal dot net>
 Based on work by David Carlisle <david at dcarlisle.demon.co.uk>
 Version (4.2d--4.2f): Modified by Mark Doyle and Phelype Oleinik
 .
ltxutil[2022/06/05 4.2f utilities package (portions licensed from W. E. Baxter web at superscript.com)]
LaTeX Info: Redefining \@centercr on input line 356.
Class revtex4-2 Info: Repairing broken LaTeX eqnarray on input line 417.
\eqncolsep=\skip48
Class revtex4-2 Info: Repairing hyperref-unfriendly LaTeX definition of \mpfootnote on input line 492.
Class revtex4-2 Info: Repairing broken LateX \@sect on input line 814.
\intertabularlinepenalty=\count185
\@tbpen=\count186
\@arstrutbox@hline=\box51
Class revtex4-2 Info: Repairing broken LaTeX \@xbitor on input line 1845.
Class revtex4-2 Info: Making \typeout \long on input line 2110.
ltxfront[2022/06/05 4.2f frontmatter package (AO,DPC,MD)]
\c@affil=\count187
\c@collab=\count188
\absbox=\box52
ltxgrid[2022/06/05 4.2f page grid package (portions licensed from W. E. Baxter web at superscript.com)]
\c@linecount=\count189
\output@latex=\toks17
\box@size@1=\box53
\box@size@2=\box54
\@protection@box=\box55
\@topmark@saved=\toks18
\footins@saved=\box56
\footins@recovered=\box57
\column@recovered=\box58
\pagesofar=\box59
\footsofar=\box60
\pagegrid@col=\count190
Class revtex4-2 Info: Overriding \@vspace, \@vspacer, \@no@pgbk, \@newline, and \\  on input line 5676.
\c@part=\count191
\c@section=\count192
\c@subsection=\count193
\c@subsubsection=\count194
\c@paragraph=\count195
\c@subparagraph=\count196
\abovecaptionskip=\skip49
\belowcaptionskip=\skip50
\c@figure=\count197
\fbox@1=\box61
\c@table=\count198
\fbox@2=\box62
\c@video=\count199
\fbox@4=\box63
\@bibdataout=\write3
\widetext@top=\box64
\widetext@bot=\box65
Class revtex4-2 Info: Selecting society aps on input line 7669.
(c:/texlive/2023/texmf-dist/tex/latex/revtex/aps4-2.rtx
File: aps4-2 2022/06/05 4.2f (https://journals.aps.org/revtex/ for documentation)
Class revtex4-2 Info: RevTeX society APS selected on input line 40.
)
Class revtex4-2 Info: Selecting journal prd on input line 7671.
Class revtex4-2 Info: APS journal PRD selected on input line 7672.


Class revtex4-2 Warning: No type size specified, using default 10.

(c:/texlive/2023/texmf-dist/tex/latex/revtex/aps10pt4-2.rtx
File: aps10pt4-2 2022/06/05 4.2f (https://journals.aps.org/revtex/ for documentation)
Class revtex4-2 Info: RevTeX pointsize 10pt selected on input line 39.
) (c:/texlive/2023/texmf-dist/tex/latex/textcase/textcase.sty
Package: textcase 2023/07/27 v1.04 Text only upper/lower case changing (DPC)
Package textcase Info: Defining Legacy names on input line 20.
) (c:/texlive/2023/texmf-dist/tex/latex/amsfonts/amssymb.sty
Package: amssymb 2013/01/14 v3.01 AMS font symbols
 (c:/texlive/2023/texmf-dist/tex/latex/amsfonts/amsfonts.sty
Package: amsfonts 2013/01/14 v3.01 Basic AMSFonts support
\@emptytoks=\toks19
\symAMSa=\mathgroup4
\symAMSb=\mathgroup5
LaTeX Font Info:    Redeclaring math symbol \hbar on input line 98.
LaTeX Font Info:    Overwriting math alphabet `\mathfrak' in version `bold'
(Font)                  U/euf/m/n --> U/euf/b/n on input line 106.
)) (c:/texlive/2023/texmf-dist/tex/latex/url/url.sty
\Urlmuskip=\muskip16
Package: url 2013/09/16  ver 3.4  Verb mode for urls, etc.
) (c:/texlive/2023/texmf-dist/tex/latex/natbib/natbib.sty
Package: natbib 2010/09/13 8.31b (PWD, AO)
\bibhang=\skip51
\bibsep=\skip52
LaTeX Info: Redefining \cite on input line 694.
\c@NAT@ctr=\count266
)
Class revtex4-2 Info: Repairing natbib's \BibitemShut on input line 7676.
 (c:/texlive/2023/texmf-dist/tex/latex/revtex/revsymb4-2.sty
Package: revsymb4-2 2022/06/05 4.2f (https://journals.aps.org/revtex/ for documentation)
LaTeX Info: Redefining \frak on input line 104.
LaTeX Info: Redefining \Bbb on input line 120.
LaTeX Info: Redefining \REV@mathfrak on input line 128.
))
Class revtex4-2 Info: Unrecognized LaTeX tabular. Please update this document class! (Proceeding with fingers crossed.) on input line 19.
Class revtex4-2 Info: cite was not loaded (OK!) on input line 19.
Class revtex4-2 Info: mcite was not loaded (OK!) on input line 19.
Class revtex4-2 Info: multicol was not loaded (OK!) on input line 19.
 (c:/texlive/2023/texmf-dist/tex/latex/l3backend/l3backend-pdftex.def
File: l3backend-pdftex.def 2023-04-19 L3 backend support: PDF output (pdfTeX)
\l__color_backend_stack_int=\count267
\l__pdf_internal_box=\box66
) (./apsguide4-2.aux)
\openout1 = `apsguide4-2.aux'.

LaTeX Font Info:    Checking defaults for OML/cmm/m/it on input line 19.
LaTeX Font Info:    ... okay on input line 19.
LaTeX Font Info:    Checking defaults for OMS/cmsy/m/n on input line 19.
LaTeX Font Info:    ... okay on input line 19.
LaTeX Font Info:    Checking defaults for OT1/cmr/m/n on input line 19.
LaTeX Font Info:    ... okay on input line 19.
LaTeX Font Info:    Checking defaults for T1/cmr/m/n on input line 19.
LaTeX Font Info:    ... okay on input line 19.
LaTeX Font Info:    Checking defaults for TS1/cmr/m/n on input line 19.
LaTeX Font Info:    ... okay on input line 19.
LaTeX Font Info:    Checking defaults for OMX/cmex/m/n on input line 19.
LaTeX Font Info:    ... okay on input line 19.
LaTeX Font Info:    Checking defaults for U/cmr/m/n on input line 19.
LaTeX Font Info:    ... okay on input line 19.
\openout3 = `apsguide4-2Notes.bib'.

LaTeX Font Info:    Trying to load font information for U+msa on input line 46.
 (c:/texlive/2023/texmf-dist/tex/latex/amsfonts/umsa.fd
File: umsa.fd 2013/01/14 v3.01 AMS symbols A
)
LaTeX Font Info:    Trying to load font information for U+msb on input line 46.
 (c:/texlive/2023/texmf-dist/tex/latex/amsfonts/umsb.fd
File: umsb.fd 2013/01/14 v3.01 AMS symbols B
) (./apsguide4-2.toc)
\tf@toc=\write4
\openout4 = `apsguide4-2.toc'.

 [1{c:/texlive/2023/texmf-var/fonts/map/pdftex/updmap/pdftex.map}]
LaTeX Font Info:    Trying to load font information for OMS+cmtt on input line 102.
LaTeX Font Info:    No file OMScmtt.fd. on input line 102.


LaTeX Font Warning: Font shape `OMS/cmtt/m/n' undefined
(Font)              using `OMS/cmsy/m/n' instead
(Font)              for symbol `textbackslash' on input line 102.

LaTeX Font Info:    Trying to load font information for OMS+cmr on input line 103.
(c:/texlive/2023/texmf-dist/tex/latex/base/omscmr.fd
File: omscmr.fd 2023/04/13 v2.5m Standard LaTeX font definitions
)
LaTeX Font Info:    Font shape `OMS/cmr/m/n' in size <10> not available
(Font)              Font shape `OMS/cmsy/m/n' tried instead on input line 103.
 [2{c:/texlive/2023/texmf-dist/fonts/enc/dvips/cm-super/cm-super-ts1.enc}]
Overfull \hbox (5.9978pt too wide) in paragraph at lines 152--152
[]\OT1/cmtt/m/n/10 \item[Purpose] This part would state the purpose[] 
 []

[3]
Underfull \hbox (badness 3407) in paragraph at lines 243--244
[]\OT1/cmr/m/n/9 Fraktur: Re-quires \OT1/cmtt/m/n/9 amsfonts \OT1/cmr/m/n/9 or
 []


Underfull \hbox (badness 10000) in paragraph at lines 244--245
[]\OT1/cmr/m/n/9 Bold black-board: Re-quires
 []


Underfull \hbox (badness 4316) in paragraph at lines 244--245
\OT1/cmtt/m/n/9 amsfonts \OT1/cmr/m/n/9 or \OT1/cmtt/m/n/9 amssymb \OT1/cmr/m/n/9 class op-
 []


Underfull \hbox (badness 2096) in paragraph at lines 245--248
\OT1/cmr/m/n/9 bols: Re-quires [][]\OT1/cmtt/m/n/9 \usepackage{bm}
 []


Underfull \hbox (badness 1596) in paragraph at lines 268--275
\OT1/cmr/m/n/10 etc.) is al-lowed but may be ig-nored in pro-duc-
 []


Underfull \hbox (badness 10000) in paragraph at lines 277--280
[]\OT1/cmr/m/n/10 Creating gen-er-al-ized new en-vi-ron-ments with
 []


Underfull \hbox (badness 1158) in paragraph at lines 277--280
\OMS/cmtt/m/n/10 n\OT1/cmtt/m/n/10 newenvironment \OT1/cmr/m/n/10 is not al-lowed. Cre-at-ing a new
 []


Underfull \hbox (badness 2285) in paragraph at lines 277--280
\OT1/cmr/m/n/10 the-o-rem en-vi-ron-ment with \OMS/cmtt/m/n/10 n\OT1/cmtt/m/n/10 newtheorem \OT1/cmr/m/n/10 is al-lowed
 []


Underfull \hbox (badness 1147) in paragraph at lines 290--295
[]\OT1/cmr/m/n/10 Most boxes and macros to ma-nip-u-late them are
 []


Underfull \hbox (badness 2035) in paragraph at lines 290--295
\OT1/cmr/m/n/10 not al-lowed. These in-clude \OMS/cmtt/m/n/10 n\OT1/cmtt/m/n/10 raisebox\OT1/cmr/m/n/10 , \OMS/cmtt/m/n/10 n\OT1/cmtt/m/n/10 parbox\OT1/cmr/m/n/10 ,
 []


Underfull \hbox (badness 5147) in paragraph at lines 290--295
\OMS/cmtt/m/n/10 n\OT1/cmtt/m/n/10 minipage\OT1/cmr/m/n/10 , \OMS/cmtt/m/n/10 n\OT1/cmtt/m/n/10 rulebox\OT1/cmr/m/n/10 , \OMS/cmtt/m/n/10 n\OT1/cmtt/m/n/10 framebox\OT1/cmr/m/n/10 , \OMS/cmtt/m/n/10 n\OT1/cmtt/m/n/10 mbox\OT1/cmr/m/n/10 , \OMS/cmtt/m/n/10 n\OT1/cmtt/m/n/10 fbox\OT1/cmr/m/n/10 ,
 []


Underfull \hbox (badness 2261) in paragraph at lines 303--314
[]\OT1/cmr/m/n/10 In gen-eral, all math markup and the stan-dard
 []


Underfull \hbox (badness 10000) in paragraph at lines 303--314
\OT1/cmr/m/n/10 math en-vi-ron-ments from [] are al-lowed.
 []


Underfull \hbox (badness 1215) in paragraph at lines 303--314
\OT1/cmr/m/n/10 These in-clude \OMS/cmtt/m/n/10 n\OT1/cmtt/m/n/10 begin\OMS/cmtt/m/n/10 f\OT1/cmtt/m/n/10 math\OMS/cmtt/m/n/10 g\OT1/cmr/m/n/10 , \OMS/cmtt/m/n/10 n\OT1/cmtt/m/n/10 begin\OMS/cmtt/m/n/10 f\OT1/cmtt/m/n/10 displaymath\OMS/cmtt/m/n/10 g\OT1/cmr/m/n/10 ,
 []


Underfull \hbox (badness 10000) in paragraph at lines 303--314
\OMS/cmtt/m/n/10 n\OT1/cmtt/m/n/10 begin\OMS/cmtt/m/n/10 f\OT1/cmtt/m/n/10 equation\OMS/cmtt/m/n/10 g\OT1/cmr/m/n/10 , \OMS/cmtt/m/n/10 n\OT1/cmtt/m/n/10 begin\OMS/cmtt/m/n/10 f\OT1/cmtt/m/n/10 eqnarray\OMS/cmtt/m/n/10 g\OT1/cmr/m/n/10 , and
 []


Underfull \hbox (badness 1147) in paragraph at lines 303--314
\OT1/cmr/m/n/10 are \OMS/cmtt/m/n/10 n\OT1/cmtt/m/n/10 genfrac\OT1/cmr/m/n/10 , \OMS/cmtt/m/n/10 n\OT1/cmtt/m/n/10 boxed\OT1/cmr/m/n/10 , and \OMS/cmtt/m/n/10 n\OT1/cmtt/m/n/10 smash\OT1/cmr/m/n/10 . The markup
 []

[4]
Underfull \hbox (badness 2932) in paragraph at lines 416--422
[]\OT1/cmr/m/n/10 Footnotes in ta-bles (tablenotes) should use the
 []

[5]
Underfull \hbox (badness 2126) in paragraph at lines 425--432
[]\OT1/cmr/m/n/10 Authors may de-fine con-ve-nience macros to save
 []

(./apsguide4-2.bbl) [6] (./apsguide4-2.aux)
 ***********
LaTeX2e <2023-06-01> patch level 1
L3 programming layer <2023-08-29>
 ***********


LaTeX Font Warning: Some font shapes were not available, defaults substituted.

 ) 
Here is how much of TeX's memory you used:
 3169 strings out of 474928
 44310 string characters out of 5763562
 1940785 words of memory out of 5000000
 24727 multiletter control sequences out of 15000+600000
 566995 words of font info for 71 fonts, out of 8000000 for 9000
 1141 hyphenation exceptions out of 8191
 57i,10n,65p,464b,414s stack positions out of 10000i,1000n,20000p,200000b,200000s
<c:/texlive/2023/texmf-dist/fonts/type1/public/amsfonts/cm/cmbx10.pfb><c:/texlive/2023/texmf-dist/fonts/type1/public/amsfonts/cm/cmbx12.pfb><c:/texlive/2023/texmf-dist/fonts/type1/public/amsfonts/cm/cmbx9.pfb><c:/texlive/2023/texmf-dist/fonts/type1/public/amsfonts/cm/cmmi10.pfb><c:/texlive/2023/texmf-dist/fonts/type1/public/amsfonts/cm/cmmi9.pfb><c:/texlive/2023/texmf-dist/fonts/type1/public/amsfonts/cm/cmr10.pfb><c:/texlive/2023/texmf-dist/fonts/type1/public/amsfonts/cm/cmr6.pfb><c:/texlive/2023/texmf-dist/fonts/type1/public/amsfonts/cm/cmr7.pfb><c:/texlive/2023/texmf-dist/fonts/type1/public/amsfonts/cm/cmr8.pfb><c:/texlive/2023/texmf-dist/fonts/type1/public/amsfonts/cm/cmr9.pfb><c:/texlive/2023/texmf-dist/fonts/type1/public/amsfonts/cm/cmsy10.pfb><c:/texlive/2023/texmf-dist/fonts/type1/public/amsfonts/cm/cmsy6.pfb><c:/texlive/2023/texmf-dist/fonts/type1/public/amsfonts/cm/cmsy7.pfb><c:/texlive/2023/texmf-dist/fonts/type1/public/amsfonts/cm/cmsy9.pfb><c:/texlive/2023/texmf-dist/fonts/type1/public/amsfonts/cm/cmti10.pfb><c:/texlive/2023/texmf-dist/fonts/type1/public/amsfonts/cm/cmti9.pfb><c:/texlive/2023/texmf-dist/fonts/type1/public/amsfonts/cm/cmtt10.pfb><c:/texlive/2023/texmf-dist/fonts/type1/public/amsfonts/cm/cmtt9.pfb><c:/texlive/2023/texmf-dist/fonts/type1/public/cm-super/sfrm1000.pfb>
Output written on apsguide4-2.pdf (6 pages, 258214 bytes).
PDF statistics:
 119 PDF objects out of 1000 (max. 8388607)
 72 compressed objects within 1 object stream
 0 named destinations out of 1000 (max. 500000)
 1 words of extra memory for PDF output out of 10000 (max. 10000000)

