This is pdfTeX, Version 3.141592653-2.6-1.40.25 (TeX Live 2023) (preloaded format=pdflatex 2023.10.4)  2 OCT 2024 16:56
entering extended mode
 restricted \write18 enabled.
 file:line:error style messages enabled.
 %&-line parsing enabled.
**"c:/School/BS Thesis/documents/Thesis-Manuscript/main.tex"
(c:/School/BS Thesis/documents/Thesis-Manuscript/main.tex
LaTeX2e <2023-06-01> patch level 1
L3 programming layer <2023-08-29>
(./nip3.cls
Document Class: nip3 2006/04/07 v0.1e Standard LaTeX document class
(c:/texlive/2023/texmf-dist/tex/latex/base/bk12.clo
File: bk12.clo 2023/05/17 v1.4n Standard LaTeX file (size option)
)
\c@part=\count185
\c@chapter=\count186
\c@section=\count187
\c@subsection=\count188
\c@subsubsection=\count189
\c@paragraph=\count190
\c@subparagraph=\count191
\c@figure=\count192
\c@table=\count193
\abovecaptionskip=\skip48
\belowcaptionskip=\skip49
\bibindent=\dimen140
) (c:/texlive/2023/texmf-dist/tex/latex/geometry/geometry.sty
Package: geometry 2020/01/02 v5.9 Page Geometry
 (c:/texlive/2023/texmf-dist/tex/latex/graphics/keyval.sty
Package: keyval 2022/05/29 v1.15 key=value parser (DPC)
\KV@toks@=\toks17
) (c:/texlive/2023/texmf-dist/tex/generic/iftex/ifvtex.sty
Package: ifvtex 2019/10/25 v1.7 ifvtex legacy package. Use iftex instead.
 (c:/texlive/2023/texmf-dist/tex/generic/iftex/iftex.sty
Package: iftex 2022/02/03 v1.0f TeX engine tests
))
\Gm@cnth=\count194
\Gm@cntv=\count195
\c@Gm@tempcnt=\count196
\Gm@bindingoffset=\dimen141
\Gm@wd@mp=\dimen142
\Gm@odd@mp=\dimen143
\Gm@even@mp=\dimen144
\Gm@layoutwidth=\dimen145
\Gm@layoutheight=\dimen146
\Gm@layouthoffset=\dimen147
\Gm@layoutvoffset=\dimen148
\Gm@dimlist=\toks18
) (c:/texlive/2023/texmf-dist/tex/latex/natbib/natbib.sty
Package: natbib 2010/09/13 8.31b (PWD, AO)
\bibhang=\skip50
\bibsep=\skip51
LaTeX Info: Redefining \cite on input line 694.
\c@NAT@ctr=\count197
) (c:/texlive/2023/texmf-dist/tex/latex/tools/verbatim.sty
Package: verbatim 2022-07-02 v1.5u LaTeX2e package for verbatim enhancements
\every@verbatim=\toks19
\verbatim@line=\toks20
\verbatim@in@stream=\read2
) (c:/texlive/2023/texmf-dist/tex/latex/graphics/graphicx.sty
Package: graphicx 2021/09/16 v1.2d Enhanced LaTeX Graphics (DPC,SPQR)
 (c:/texlive/2023/texmf-dist/tex/latex/graphics/graphics.sty
Package: graphics 2022/03/10 v1.4e Standard LaTeX Graphics (DPC,SPQR)
 (c:/texlive/2023/texmf-dist/tex/latex/graphics/trig.sty
Package: trig 2021/08/11 v1.11 sin cos tan (DPC)
) (c:/texlive/2023/texmf-dist/tex/latex/graphics-cfg/graphics.cfg
File: graphics.cfg 2016/06/04 v1.11 sample graphics configuration
)
Package graphics Info: Driver file: pdftex.def on input line 107.
 (c:/texlive/2023/texmf-dist/tex/latex/graphics-def/pdftex.def
File: pdftex.def 2022/09/22 v1.2b Graphics/color driver for pdftex
))
\Gin@req@height=\dimen149
\Gin@req@width=\dimen150
) (c:/texlive/2023/texmf-dist/tex/latex/amsmath/amsmath.sty
Package: amsmath 2023/05/13 v2.17o AMS math features
\@mathmargin=\skip52

For additional information on amsmath, use the `?' option.
(c:/texlive/2023/texmf-dist/tex/latex/amsmath/amstext.sty
Package: amstext 2021/08/26 v2.01 AMS text
 (c:/texlive/2023/texmf-dist/tex/latex/amsmath/amsgen.sty
File: amsgen.sty 1999/11/30 v2.0 generic functions
\@emptytoks=\toks21
\ex@=\dimen151
)) (c:/texlive/2023/texmf-dist/tex/latex/amsmath/amsbsy.sty
Package: amsbsy 1999/11/29 v1.2d Bold Symbols
\pmbraise@=\dimen152
) (c:/texlive/2023/texmf-dist/tex/latex/amsmath/amsopn.sty
Package: amsopn 2022/04/08 v2.04 operator names
)
\inf@bad=\count198
LaTeX Info: Redefining \frac on input line 234.
\uproot@=\count199
\leftroot@=\count266
LaTeX Info: Redefining \overline on input line 399.
LaTeX Info: Redefining \colon on input line 410.
\classnum@=\count267
\DOTSCASE@=\count268
LaTeX Info: Redefining \ldots on input line 496.
LaTeX Info: Redefining \dots on input line 499.
LaTeX Info: Redefining \cdots on input line 620.
\Mathstrutbox@=\box51
\strutbox@=\box52
LaTeX Info: Redefining \big on input line 722.
LaTeX Info: Redefining \Big on input line 723.
LaTeX Info: Redefining \bigg on input line 724.
LaTeX Info: Redefining \Bigg on input line 725.
\big@size=\dimen153
LaTeX Font Info:    Redeclaring font encoding OML on input line 743.
LaTeX Font Info:    Redeclaring font encoding OMS on input line 744.
\macc@depth=\count269
LaTeX Info: Redefining \bmod on input line 905.
LaTeX Info: Redefining \pmod on input line 910.
LaTeX Info: Redefining \smash on input line 940.
LaTeX Info: Redefining \relbar on input line 970.
LaTeX Info: Redefining \Relbar on input line 971.
\c@MaxMatrixCols=\count270
\dotsspace@=\muskip16
\c@parentequation=\count271
\dspbrk@lvl=\count272
\tag@help=\toks22
\row@=\count273
\column@=\count274
\maxfields@=\count275
\andhelp@=\toks23
\eqnshift@=\dimen154
\alignsep@=\dimen155
\tagshift@=\dimen156
\tagwidth@=\dimen157
\totwidth@=\dimen158
\lineht@=\dimen159
\@envbody=\toks24
\multlinegap=\skip53
\multlinetaggap=\skip54
\mathdisplay@stack=\toks25
LaTeX Info: Redefining \[ on input line 2953.
LaTeX Info: Redefining \] on input line 2954.
) (c:/texlive/2023/texmf-dist/tex/latex/amsfonts/amsfonts.sty
Package: amsfonts 2013/01/14 v3.01 Basic AMSFonts support
\symAMSa=\mathgroup4
\symAMSb=\mathgroup5
LaTeX Font Info:    Redeclaring math symbol \hbar on input line 98.
LaTeX Font Info:    Overwriting math alphabet `\mathfrak' in version `bold'
(Font)                  U/euf/m/n --> U/euf/b/n on input line 106.
) (c:/texlive/2023/texmf-dist/tex/latex/amsfonts/amssymb.sty
Package: amssymb 2013/01/14 v3.01 AMS font symbols
) (c:/texlive/2023/texmf-dist/tex/latex/amscls/amsthm.sty
Package: amsthm 2020/05/29 v2.20.6
\thm@style=\toks26
\thm@bodyfont=\toks27
\thm@headfont=\toks28
\thm@notefont=\toks29
\thm@headpunct=\toks30
\thm@preskip=\skip55
\thm@postskip=\skip56
\thm@headsep=\skip57
\dth@everypar=\toks31
) (c:/texlive/2023/texmf-dist/tex/latex/base/newlfont.sty
Package: newlfont 1998/08/17 v2.2m Standard LaTeX package
LaTeX Info: Redefining \em on input line 57.
 (c:/texlive/2023/texmf-dist/tex/latex/base/latexsym.sty
Package: latexsym 1998/08/17 v2.2e Standard LaTeX package (lasy symbols)
\symlasy=\mathgroup6
LaTeX Font Info:    Overwriting symbol font `lasy' in version `bold'
(Font)                  U/lasy/m/n --> U/lasy/b/n on input line 52.
)) (c:/texlive/2023/texmf-dist/tex/latex/subfigure/subfigure.sty
Package: subfigure 2002/03/15 v2.1.5 subfigure package
\subfigtopskip=\skip58
\subfigcapskip=\skip59
\subfigcaptopadj=\dimen160
\subfigbottomskip=\skip60
\subfigcapmargin=\dimen161
\subfiglabelskip=\skip61
\c@subfigure=\count276
\c@lofdepth=\count277
\c@subtable=\count278
\c@lotdepth=\count279

****************************************
* Local config file subfigure.cfg used *
****************************************
(c:/texlive/2023/texmf-dist/tex/latex/subfigure/subfigure.cfg)
\subfig@top=\skip62
\subfig@bottom=\skip63
) (c:/texlive/2023/texmf-dist/tex/latex/hyperref/hyperref.sty
Package: hyperref 2023-07-08 v7.01b Hypertext links for LaTeX
 (c:/texlive/2023/texmf-dist/tex/generic/ltxcmds/ltxcmds.sty
Package: ltxcmds 2020-05-10 v1.25 LaTeX kernel commands for general use (HO)
) (c:/texlive/2023/texmf-dist/tex/generic/pdftexcmds/pdftexcmds.sty
Package: pdftexcmds 2020-06-27 v0.33 Utility functions of pdfTeX for LuaTeX (HO)
 (c:/texlive/2023/texmf-dist/tex/generic/infwarerr/infwarerr.sty
Package: infwarerr 2019/12/03 v1.5 Providing info/warning/error messages (HO)
)
Package pdftexcmds Info: \pdf@primitive is available.
Package pdftexcmds Info: \pdf@ifprimitive is available.
Package pdftexcmds Info: \pdfdraftmode found.
) (c:/texlive/2023/texmf-dist/tex/latex/kvsetkeys/kvsetkeys.sty
Package: kvsetkeys 2022-10-05 v1.19 Key value parser (HO)
) (c:/texlive/2023/texmf-dist/tex/generic/kvdefinekeys/kvdefinekeys.sty
Package: kvdefinekeys 2019-12-19 v1.6 Define keys (HO)
) (c:/texlive/2023/texmf-dist/tex/generic/pdfescape/pdfescape.sty
Package: pdfescape 2019/12/09 v1.15 Implements pdfTeX's escape features (HO)
) (c:/texlive/2023/texmf-dist/tex/latex/hycolor/hycolor.sty
Package: hycolor 2020-01-27 v1.10 Color options for hyperref/bookmark (HO)
) (c:/texlive/2023/texmf-dist/tex/latex/letltxmacro/letltxmacro.sty
Package: letltxmacro 2019/12/03 v1.6 Let assignment for LaTeX macros (HO)
) (c:/texlive/2023/texmf-dist/tex/latex/auxhook/auxhook.sty
Package: auxhook 2019-12-17 v1.6 Hooks for auxiliary files (HO)
) (c:/texlive/2023/texmf-dist/tex/latex/hyperref/nameref.sty
Package: nameref 2023-08-07 v2.53 Cross-referencing by name of section
 (c:/texlive/2023/texmf-dist/tex/latex/refcount/refcount.sty
Package: refcount 2019/12/15 v3.6 Data extraction from label references (HO)
) (c:/texlive/2023/texmf-dist/tex/generic/gettitlestring/gettitlestring.sty
Package: gettitlestring 2019/12/15 v1.6 Cleanup title references (HO)
 (c:/texlive/2023/texmf-dist/tex/latex/kvoptions/kvoptions.sty
Package: kvoptions 2022-06-15 v3.15 Key value format for package options (HO)
))
\c@section@level=\count280
) (c:/texlive/2023/texmf-dist/tex/latex/etoolbox/etoolbox.sty
Package: etoolbox 2020/10/05 v2.5k e-TeX tools for LaTeX (JAW)
\etb@tempcnta=\count281
)
\@linkdim=\dimen162
\Hy@linkcounter=\count282
\Hy@pagecounter=\count283
 (c:/texlive/2023/texmf-dist/tex/latex/hyperref/pd1enc.def
File: pd1enc.def 2023-07-08 v7.01b Hyperref: PDFDocEncoding definition (HO)
Now handling font encoding PD1 ...
... no UTF-8 mapping file for font encoding PD1
) (c:/texlive/2023/texmf-dist/tex/generic/intcalc/intcalc.sty
Package: intcalc 2019/12/15 v1.3 Expandable calculations with integers (HO)
)
\Hy@SavedSpaceFactor=\count284
 (c:/texlive/2023/texmf-dist/tex/latex/hyperref/puenc.def
File: puenc.def 2023-07-08 v7.01b Hyperref: PDF Unicode definition (HO)
Now handling font encoding PU ...
... no UTF-8 mapping file for font encoding PU
)
Package hyperref Info: Hyper figures OFF on input line 4167.
Package hyperref Info: Link nesting OFF on input line 4172.
Package hyperref Info: Hyper index ON on input line 4175.
Package hyperref Info: Plain pages OFF on input line 4182.
Package hyperref Info: Backreferencing OFF on input line 4187.
Package hyperref Info: Implicit mode ON; LaTeX internals redefined.
Package hyperref Info: Bookmarks ON on input line 4434.
\c@Hy@tempcnt=\count285
 (c:/texlive/2023/texmf-dist/tex/latex/url/url.sty
\Urlmuskip=\muskip17
Package: url 2013/09/16  ver 3.4  Verb mode for urls, etc.
)
LaTeX Info: Redefining \url on input line 4772.
\XeTeXLinkMargin=\dimen163
 (c:/texlive/2023/texmf-dist/tex/generic/bitset/bitset.sty
Package: bitset 2019/12/09 v1.3 Handle bit-vector datatype (HO)
 (c:/texlive/2023/texmf-dist/tex/generic/bigintcalc/bigintcalc.sty
Package: bigintcalc 2019/12/15 v1.5 Expandable calculations on big integers (HO)
))
\Fld@menulength=\count286
\Field@Width=\dimen164
\Fld@charsize=\dimen165
Package hyperref Info: Hyper figures OFF on input line 6051.
Package hyperref Info: Link nesting OFF on input line 6056.
Package hyperref Info: Hyper index ON on input line 6059.
Package hyperref Info: backreferencing OFF on input line 6066.
Package hyperref Info: Link coloring OFF on input line 6071.
Package hyperref Info: Link coloring with OCG OFF on input line 6076.
Package hyperref Info: PDF/A mode OFF on input line 6081.
 (c:/texlive/2023/texmf-dist/tex/latex/base/atbegshi-ltx.sty
Package: atbegshi-ltx 2021/01/10 v1.0c Emulation of the original atbegshi
package with kernel methods
)
\Hy@abspage=\count287
\c@Item=\count288
\c@Hfootnote=\count289
)
Package hyperref Info: Driver (autodetected): hpdftex.
 (c:/texlive/2023/texmf-dist/tex/latex/hyperref/hpdftex.def
File: hpdftex.def 2023-07-08 v7.01b Hyperref driver for pdfTeX
 (c:/texlive/2023/texmf-dist/tex/latex/base/atveryend-ltx.sty
Package: atveryend-ltx 2020/08/19 v1.0a Emulation of the original atveryend package
with kernel methods
)
\Fld@listcount=\count290
\c@bookmark@seq@number=\count291
 (c:/texlive/2023/texmf-dist/tex/latex/rerunfilecheck/rerunfilecheck.sty
Package: rerunfilecheck 2022-07-10 v1.10 Rerun checks for auxiliary files (HO)
 (c:/texlive/2023/texmf-dist/tex/generic/uniquecounter/uniquecounter.sty
Package: uniquecounter 2019/12/15 v1.4 Provide unlimited unique counter (HO)
)
Package uniquecounter Info: New unique counter `rerunfilecheck' on input line 285.
)
\Hy@SectionHShift=\skip64
) (c:/texlive/2023/texmf-dist/tex/latex/enumitem/enumitem.sty
Package: enumitem 2019/06/20 v3.9 Customized lists
\labelindent=\skip65
\enit@outerparindent=\dimen166
\enit@toks=\toks32
\enit@inbox=\box53
\enit@count@id=\count292
\enitdp@description=\count293
) (c:/texlive/2023/texmf-dist/tex/latex/l3backend/l3backend-pdftex.def
File: l3backend-pdftex.def 2023-04-19 L3 backend support: PDF output (pdfTeX)
\l__color_backend_stack_int=\count294
\l__pdf_internal_box=\box54
)

LaTeX Warning: Unused global option(s):
    [bs].

(./main.aux

LaTeX Warning: Label `fig:2DBPCA classroom 1' multiply defined.


LaTeX Warning: Label `sub@fig:2DBPCA classroom 1' multiply defined.

)
\openout1 = `main.aux'.

LaTeX Font Info:    Checking defaults for OML/cmm/m/it on input line 69.
LaTeX Font Info:    ... okay on input line 69.
LaTeX Font Info:    Checking defaults for OMS/cmsy/m/n on input line 69.
LaTeX Font Info:    ... okay on input line 69.
LaTeX Font Info:    Checking defaults for OT1/cmr/m/n on input line 69.
LaTeX Font Info:    ... okay on input line 69.
LaTeX Font Info:    Checking defaults for T1/cmr/m/n on input line 69.
LaTeX Font Info:    ... okay on input line 69.
LaTeX Font Info:    Checking defaults for TS1/cmr/m/n on input line 69.
LaTeX Font Info:    ... okay on input line 69.
LaTeX Font Info:    Checking defaults for OMX/cmex/m/n on input line 69.
LaTeX Font Info:    ... okay on input line 69.
LaTeX Font Info:    Checking defaults for U/cmr/m/n on input line 69.
LaTeX Font Info:    ... okay on input line 69.
LaTeX Font Info:    Checking defaults for PD1/pdf/m/n on input line 69.
LaTeX Font Info:    ... okay on input line 69.
LaTeX Font Info:    Checking defaults for PU/pdf/m/n on input line 69.
LaTeX Font Info:    ... okay on input line 69.

*geometry* driver: auto-detecting
*geometry* detected driver: pdftex
*geometry* verbose mode - [ preamble ] result:
* driver: pdftex
* paper: a4paper
* layout: <same size as paper>
* layoutoffset:(h,v)=(0.0pt,0.0pt)
* modes: 
* h-part:(L,W,R)=(81.94394pt, 433.62pt, 81.94394pt)
* v-part:(T,H,B)=(70.61972pt, 668.4975pt, 105.92963pt)
* \paperwidth=597.50787pt
* \paperheight=845.04684pt
* \textwidth=433.62pt
* \textheight=668.4975pt
* \oddsidemargin=9.67395pt
* \evensidemargin=9.67395pt
* \topmargin=-33.52406pt
* \headheight=12.0pt
* \headsep=19.8738pt
* \topskip=12.0pt
* \footskip=30.0pt
* \marginparwidth=7.0pt
* \marginparsep=7.0pt
* \columnsep=10.0pt
* \skip\footins=10.8pt plus 4.0pt minus 2.0pt
* \hoffset=0.0pt
* \voffset=0.0pt
* \mag=1000
* \@twocolumnfalse
* \@twosidefalse
* \@mparswitchfalse
* \@reversemarginfalse
* (1in=72.27pt=25.4mm, 1cm=28.453pt)

(c:/texlive/2023/texmf-dist/tex/context/base/mkii/supp-pdf.mkii
[Loading MPS to PDF converter (version 2006.09.02).]
\scratchcounter=\count295
\scratchdimen=\dimen167
\scratchbox=\box55
\nofMPsegments=\count296
\nofMParguments=\count297
\everyMPshowfont=\toks33
\MPscratchCnt=\count298
\MPscratchDim=\dimen168
\MPnumerator=\count299
\makeMPintoPDFobject=\count300
\everyMPtoPDFconversion=\toks34
) (c:/texlive/2023/texmf-dist/tex/latex/epstopdf-pkg/epstopdf-base.sty
Package: epstopdf-base 2020-01-24 v2.11 Base part for package epstopdf
Package epstopdf-base Info: Redefining graphics rule for `.eps' on input line 485.
 (c:/texlive/2023/texmf-dist/tex/latex/latexconfig/epstopdf-sys.cfg
File: epstopdf-sys.cfg 2010/07/13 v1.3 Configuration of (r)epstopdf for TeX Live
))
Package hyperref Info: Link coloring OFF on input line 69.
 (./main.out) (./main.out)
\@outlinefile=\write3
\openout3 = `main.out'.

<figures/UnibersidadngPilipinas.png, id=151, 661.47125pt x 661.47125pt>
File: figures/UnibersidadngPilipinas.png Graphic file (type png)
<use figures/UnibersidadngPilipinas.png>
Package pdftex.def Info: figures/UnibersidadngPilipinas.png  used on input line 71.
(pdftex.def)             Requested size: 93.95122pt x 93.94774pt.


LaTeX Font Warning: Font shape `OT1/cmr/bx/sc' undefined
(Font)              using `OT1/cmr/bx/n' instead on input line 71.

[1


{c:/texlive/2023/texmf-var/fonts/map/pdftex/updmap/pdftex.map} <./figures/UnibersidadngPilipinas.png>]
Making NIP Preliminary Headings...

Underfull \hbox (badness 10000) in paragraph at lines 71--71

 []

[1] (./dedication.tex) [2] (./acknowledgments.tex [3

]) [4]
Creating NIP abstract..
(./0abstract.tex
LaTeX Font Info:    Trying to load font information for U+msa on input line 2.
 (c:/texlive/2023/texmf-dist/tex/latex/amsfonts/umsa.fd
File: umsa.fd 2013/01/14 v3.01 AMS symbols A
)
LaTeX Font Info:    Trying to load font information for U+msb on input line 2.
 (c:/texlive/2023/texmf-dist/tex/latex/amsfonts/umsb.fd
File: umsb.fd 2013/01/14 v3.01 AMS symbols B
)
LaTeX Font Info:    Trying to load font information for U+lasy on input line 2.
 (c:/texlive/2023/texmf-dist/tex/latex/base/ulasy.fd
File: ulasy.fd 1998/08/17 v2.2e LaTeX symbol font definitions
)) [5] (./main.toc [6

])
\tf@toc=\write4
\openout4 = `main.toc'.

 [7] (./main.lof [8

])
\tf@lof=\write5
\openout5 = `main.lof'.

 [9] [10] (./1introduction.tex
Chapter 1.

pdfTeX warning (ext4): destination with the same identifier (name{page.1}) has been already used, duplicate ignored
<to be read again> 
                   \relax 
l.7 \newpage
             [1

]) (./2BPCA.tex [2{c:/texlive/2023/texmf-dist/fonts/enc/dvips/cm-super/cm-super-ts1.enc}]
Chapter 2.
\enitdp@CAdef=\count301
[3

] [4] [5]
<figures/2DBPCA TI Flowchart.png, id=383, 940.167pt x 378.432pt>
File: figures/2DBPCA TI Flowchart.png Graphic file (type png)
<use figures/2DBPCA TI Flowchart.png>
Package pdftex.def Info: figures/2DBPCA TI Flowchart.png  used on input line 101.
(pdftex.def)             Requested size: 346.89731pt x 139.63075pt.
 [6 <./figures/2DBPCA TI Flowchart.png>]
<figures/2DBPCA PI Flowchart.png, id=392, 1042.44pt x 497.568pt>
File: figures/2DBPCA PI Flowchart.png Graphic file (type png)
<use figures/2DBPCA PI Flowchart.png>
Package pdftex.def Info: figures/2DBPCA PI Flowchart.png  used on input line 140.
(pdftex.def)             Requested size: 346.89731pt x 165.57973pt.
<figures/PI SAs.png, id=395, 474.135pt x 525.162pt>
File: figures/PI SAs.png Graphic file (type png)
<use figures/PI SAs.png>
Package pdftex.def Info: figures/PI SAs.png  used on input line 150.
(pdftex.def)             Requested size: 216.81pt x 240.14307pt.
<figures/2D-BPCA-analysis/sample run - PI/2DBPCA-random-64-0.5-1.png, id=397, 1541.76pt x 1712.3975pt>
File: figures/2D-BPCA-analysis/sample run - PI/2DBPCA-random-64-0.5-1.png Graphic file (type png)
<use figures/2D-BPCA-analysis/sample run - PI/2DBPCA-random-64-0.5-1.png>
Package pdftex.def Info: figures/2D-BPCA-analysis/sample run - PI/2DBPCA-random-64-0.5-1.png  used on input line 164.
(pdftex.def)             Requested size: 195.12767pt x 216.71432pt.
<figures/2D-BPCA-analysis/sample run - PI/2DBPCA-random-64-0.5-9.png, id=398, 1541.76pt x 1712.3975pt>
File: figures/2D-BPCA-analysis/sample run - PI/2DBPCA-random-64-0.5-9.png Graphic file (type png)
<use figures/2D-BPCA-analysis/sample run - PI/2DBPCA-random-64-0.5-9.png>
Package pdftex.def Info: figures/2D-BPCA-analysis/sample run - PI/2DBPCA-random-64-0.5-9.png  used on input line 165.
(pdftex.def)             Requested size: 195.12767pt x 216.71432pt.
<figures/2D-BPCA-analysis/sample run - PI/2DBPCA-random-64-0.5-17.png, id=399, 1541.76pt x 1712.3975pt>
File: figures/2D-BPCA-analysis/sample run - PI/2DBPCA-random-64-0.5-17.png Graphic file (type png)
<use figures/2D-BPCA-analysis/sample run - PI/2DBPCA-random-64-0.5-17.png>
Package pdftex.def Info: figures/2D-BPCA-analysis/sample run - PI/2DBPCA-random-64-0.5-17.png  used on input line 166.
(pdftex.def)             Requested size: 195.12767pt x 216.71432pt.
<figures/2D-BPCA-analysis/sample run - PI/2DBPCA-random-64-0.5-23.png, id=400, 1541.76pt x 1712.3975pt>
File: figures/2D-BPCA-analysis/sample run - PI/2DBPCA-random-64-0.5-23.png Graphic file (type png)
<use figures/2D-BPCA-analysis/sample run - PI/2DBPCA-random-64-0.5-23.png>
Package pdftex.def Info: figures/2D-BPCA-analysis/sample run - PI/2DBPCA-random-64-0.5-23.png  used on input line 167.
(pdftex.def)             Requested size: 195.12767pt x 216.71432pt.
 [7 <./figures/2DBPCA PI Flowchart.png>] [8 <./figures/PI SAs.png>] [9 <./figures/2D-BPCA-analysis/sample run - PI/2DBPCA-random-64-0.5-1.png> <./figures/2D-BPCA-analysis/sample run - PI/2DBPCA-random-64-0.5-9.png> <./figures/2D-BPCA-analysis/sample run - PI/2DBPCA-random-64-0.5-17.png> <./figures/2D-BPCA-analysis/sample run - PI/2DBPCA-random-64-0.5-23.png>]

Package hyperref Warning: Token not allowed in a PDF string (Unicode):
(hyperref)                removing `math shift' on input line 183.


Package hyperref Warning: Token not allowed in a PDF string (Unicode):
(hyperref)                removing `subscript' on input line 183.


Package hyperref Warning: Token not allowed in a PDF string (Unicode):
(hyperref)                removing `math shift' on input line 183.


Package hyperref Warning: Token not allowed in a PDF string (Unicode):
(hyperref)                removing `math shift' on input line 183.


Package hyperref Warning: Token not allowed in a PDF string (Unicode):
(hyperref)                removing `\rho' on input line 183.


Package hyperref Warning: Token not allowed in a PDF string (Unicode):
(hyperref)                removing `subscript' on input line 183.


Package hyperref Warning: Token not allowed in a PDF string (Unicode):
(hyperref)                removing `math shift' on input line 183.

<figures/2D-BPCA-analysis/t-32.png, id=424, 1806.75pt x 1204.5pt>
File: figures/2D-BPCA-analysis/t-32.png Graphic file (type png)
<use figures/2D-BPCA-analysis/t-32.png>
Package pdftex.def Info: figures/2D-BPCA-analysis/t-32.png  used on input line 192.
(pdftex.def)             Requested size: 195.12767pt x 130.06935pt.
<figures/2D-BPCA-analysis/t-48.png, id=425, 1806.75pt x 1204.5pt>
File: figures/2D-BPCA-analysis/t-48.png Graphic file (type png)
<use figures/2D-BPCA-analysis/t-48.png>
Package pdftex.def Info: figures/2D-BPCA-analysis/t-48.png  used on input line 193.
(pdftex.def)             Requested size: 195.12767pt x 130.06935pt.
<figures/2D-BPCA-analysis/t-64.png, id=426, 1806.75pt x 1204.5pt>
File: figures/2D-BPCA-analysis/t-64.png Graphic file (type png)
<use figures/2D-BPCA-analysis/t-64.png>
Package pdftex.def Info: figures/2D-BPCA-analysis/t-64.png  used on input line 194.
(pdftex.def)             Requested size: 195.12767pt x 130.06935pt.
<figures/2D-BPCA-analysis/t-96.png, id=427, 1806.75pt x 1204.5pt>
File: figures/2D-BPCA-analysis/t-96.png Graphic file (type png)
<use figures/2D-BPCA-analysis/t-96.png>
Package pdftex.def Info: figures/2D-BPCA-analysis/t-96.png  used on input line 195.
(pdftex.def)             Requested size: 195.12767pt x 130.06935pt.
<figures/2D-BPCA-analysis/t-128.png, id=428, 1806.75pt x 1204.5pt>
File: figures/2D-BPCA-analysis/t-128.png Graphic file (type png)
<use figures/2D-BPCA-analysis/t-128.png>
Package pdftex.def Info: figures/2D-BPCA-analysis/t-128.png  used on input line 196.
(pdftex.def)             Requested size: 195.12767pt x 130.06935pt.
[10] [11 <./figures/2D-BPCA-analysis/t-32.png> <./figures/2D-BPCA-analysis/t-48.png> <./figures/2D-BPCA-analysis/t-64.png> <./figures/2D-BPCA-analysis/t-96.png> <./figures/2D-BPCA-analysis/t-128.png>]

Package hyperref Warning: Token not allowed in a PDF string (Unicode):
(hyperref)                removing `math shift' on input line 204.


Package hyperref Warning: Token not allowed in a PDF string (Unicode):
(hyperref)                removing `math shift' on input line 204.


Package hyperref Warning: Token not allowed in a PDF string (Unicode):
(hyperref)                removing `math shift' on input line 204.


Package hyperref Warning: Token not allowed in a PDF string (Unicode):
(hyperref)                removing `\rho' on input line 204.


Package hyperref Warning: Token not allowed in a PDF string (Unicode):
(hyperref)                removing `subscript' on input line 204.


Package hyperref Warning: Token not allowed in a PDF string (Unicode):
(hyperref)                removing `math shift' on input line 204.

<figures/2D-BPCA-analysis/m-32.png, id=446, 1806.75pt x 1204.5pt>
File: figures/2D-BPCA-analysis/m-32.png Graphic file (type png)
<use figures/2D-BPCA-analysis/m-32.png>
Package pdftex.def Info: figures/2D-BPCA-analysis/m-32.png  used on input line 222.
(pdftex.def)             Requested size: 195.12767pt x 130.06935pt.
<figures/2D-BPCA-analysis/m-48.png, id=447, 1806.75pt x 1204.5pt>
File: figures/2D-BPCA-analysis/m-48.png Graphic file (type png)
<use figures/2D-BPCA-analysis/m-48.png>
Package pdftex.def Info: figures/2D-BPCA-analysis/m-48.png  used on input line 223.
(pdftex.def)             Requested size: 195.12767pt x 130.06935pt.
<figures/2D-BPCA-analysis/m-64.png, id=448, 1806.75pt x 1204.5pt>
File: figures/2D-BPCA-analysis/m-64.png Graphic file (type png)
<use figures/2D-BPCA-analysis/m-64.png>
Package pdftex.def Info: figures/2D-BPCA-analysis/m-64.png  used on input line 224.
(pdftex.def)             Requested size: 195.12767pt x 130.06935pt.
<figures/2D-BPCA-analysis/m-96.png, id=449, 1806.75pt x 1204.5pt>
File: figures/2D-BPCA-analysis/m-96.png Graphic file (type png)
<use figures/2D-BPCA-analysis/m-96.png>
Package pdftex.def Info: figures/2D-BPCA-analysis/m-96.png  used on input line 225.
(pdftex.def)             Requested size: 195.12767pt x 130.06935pt.
<figures/2D-BPCA-analysis/m-128.png, id=450, 1806.75pt x 1204.5pt>
File: figures/2D-BPCA-analysis/m-128.png Graphic file (type png)
<use figures/2D-BPCA-analysis/m-128.png>
Package pdftex.def Info: figures/2D-BPCA-analysis/m-128.png  used on input line 226.
(pdftex.def)             Requested size: 195.12767pt x 130.06935pt.
[12] [13 <./figures/2D-BPCA-analysis/m-32.png> <./figures/2D-BPCA-analysis/m-48.png> <./figures/2D-BPCA-analysis/m-64.png> <./figures/2D-BPCA-analysis/m-96.png> <./figures/2D-BPCA-analysis/m-128.png>]

Package hyperref Warning: Token not allowed in a PDF string (Unicode):
(hyperref)                removing `math shift' on input line 234.


Package hyperref Warning: Token not allowed in a PDF string (Unicode):
(hyperref)                removing `subscript' on input line 234.


Package hyperref Warning: Token not allowed in a PDF string (Unicode):
(hyperref)                removing `math shift' on input line 234.


Package hyperref Warning: Token not allowed in a PDF string (Unicode):
(hyperref)                removing `math shift' on input line 234.


Package hyperref Warning: Token not allowed in a PDF string (Unicode):
(hyperref)                removing `math shift' on input line 234.

<figures/2D-BPCA-analysis/N_vs_tmax-traditional-inner_corner.png, id=464, 595.899pt x 416.757pt>
File: figures/2D-BPCA-analysis/N_vs_tmax-traditional-inner_corner.png Graphic file (type png)
<use figures/2D-BPCA-analysis/N_vs_tmax-traditional-inner_corner.png>
Package pdftex.def Info: figures/2D-BPCA-analysis/N_vs_tmax-traditional-inner_corner.png  used on input line 237.
(pdftex.def)             Requested size: 346.89731pt x 242.61588pt.
[14 <./figures/2D-BPCA-analysis/N_vs_tmax-traditional-inner_corner.png>]
<figures/SA dmax.png, id=478, 900.309pt x 340.764pt>
File: figures/SA dmax.png Graphic file (type png)
<use figures/SA dmax.png>
Package pdftex.def Info: figures/SA dmax.png  used on input line 285.
(pdftex.def)             Requested size: 346.89731pt x 131.30113pt.
 [15]) (./3BPCAIH.tex [16 <./figures/SA dmax.png>]
Chapter 3.

Overfull \hbox (1.52766pt too wide) in paragraph at lines 8--12
\OT1/cmr/m/n/12 rate. We set a stu-dent's learn-ing rate as $\OML/cmm/m/it/12 ^^U[] \OT1/cmr/m/n/12 = \OML/cmm/m/it/12 ^^U[] \OMS/cmsy/m/n/12 ^^F \OML/cmm/m/it/12 ^^N^^U$ \OT1/cmr/m/n/12 where $\OML/cmm/m/it/12 ^^N^^U \OMS/cmsy/m/n/12 2 f\OT1/cmr/m/n/12 0\OML/cmm/m/it/12 :\OT1/cmr/m/n/12 0\OML/cmm/m/it/12 ; \OT1/cmr/m/n/12 0\OML/cmm/m/it/12 :\OT1/cmr/m/n/12 1\OML/cmm/m/it/12 ; \OT1/cmr/m/n/12 0\OML/cmm/m/it/12 :\OT1/cmr/m/n/12 2\OML/cmm/m/it/12 ; \OT1/cmr/m/n/12 0\OML/cmm/m/it/12 :\OT1/cmr/m/n/12 3\OML/cmm/m/it/12 ; \OT1/cmr/m/n/12 0\OML/cmm/m/it/12 :\OT1/cmr/m/n/12 4\OMS/cmsy/m/n/12 g$
 []

<figures/2D-BPCAIH-analysis/class evolutions/low rho/2DBPCAIH-inner_corner-128-0.1-0.5-0.4-trial_3-48.png, id=497, 1405.25pt x 1806.75pt>
File: figures/2D-BPCAIH-analysis/class evolutions/low rho/2DBPCAIH-inner_corner-128-0.1-0.5-0.4-trial_3-48.png Graphic file (type png)
<use figures/2D-BPCAIH-analysis/class evolutions/low rho/2DBPCAIH-inner_corner-128-0.1-0.5-0.4-trial_3-48.png>
Package pdftex.def Info: figures/2D-BPCAIH-analysis/class evolutions/low rho/2DBPCAIH-inner_corner-128-0.1-0.5-0.4-trial_3-48.png  used on input line 27.
(pdftex.def)             Requested size: 173.44534pt x 222.97604pt.
<figures/2D-BPCAIH-analysis/class evolutions/low rho/2DBPCAIH-inner_corner-128-0.1-0.5-0.4-trial_3-69.png, id=498, 1405.25pt x 1806.75pt>
File: figures/2D-BPCAIH-analysis/class evolutions/low rho/2DBPCAIH-inner_corner-128-0.1-0.5-0.4-trial_3-69.png Graphic file (type png)
<use figures/2D-BPCAIH-analysis/class evolutions/low rho/2DBPCAIH-inner_corner-128-0.1-0.5-0.4-trial_3-69.png>
Package pdftex.def Info: figures/2D-BPCAIH-analysis/class evolutions/low rho/2DBPCAIH-inner_corner-128-0.1-0.5-0.4-trial_3-69.png  used on input line 28.
(pdftex.def)             Requested size: 173.44534pt x 222.97604pt.
<figures/2D-BPCAIH-analysis/class evolutions/low rho/2DBPCAIH-inner_corner-128-0.1-0.5-0.4-trial_3-128.png, id=499, 1405.25pt x 1806.75pt>
File: figures/2D-BPCAIH-analysis/class evolutions/low rho/2DBPCAIH-inner_corner-128-0.1-0.5-0.4-trial_3-128.png Graphic file (type png)
<use figures/2D-BPCAIH-analysis/class evolutions/low rho/2DBPCAIH-inner_corner-128-0.1-0.5-0.4-trial_3-128.png>
Package pdftex.def Info: figures/2D-BPCAIH-analysis/class evolutions/low rho/2DBPCAIH-inner_corner-128-0.1-0.5-0.4-trial_3-128.png  used on input line 29.
(pdftex.def)             Requested size: 173.44534pt x 222.97604pt.
<figures/2D-BPCAIH-analysis/class evolutions/low rho/2DBPCAIH-inner_corner-128-0.1-0.5-0.4-trial_3-200.png, id=500, 1405.25pt x 1806.75pt>
File: figures/2D-BPCAIH-analysis/class evolutions/low rho/2DBPCAIH-inner_corner-128-0.1-0.5-0.4-trial_3-200.png Graphic file (type png)
<use figures/2D-BPCAIH-analysis/class evolutions/low rho/2DBPCAIH-inner_corner-128-0.1-0.5-0.4-trial_3-200.png>
Package pdftex.def Info: figures/2D-BPCAIH-analysis/class evolutions/low rho/2DBPCAIH-inner_corner-128-0.1-0.5-0.4-trial_3-200.png  used on input line 30.
(pdftex.def)             Requested size: 173.44534pt x 222.97604pt.
[17

]
<figures/2D-BPCAIH-analysis/class evolutions/high rho/2DBPCAIH-inner_corner-128-0.9-0.5-0.1-trial_3-5.png, id=506, 1405.25pt x 1806.75pt>
File: figures/2D-BPCAIH-analysis/class evolutions/high rho/2DBPCAIH-inner_corner-128-0.9-0.5-0.1-trial_3-5.png Graphic file (type png)
<use figures/2D-BPCAIH-analysis/class evolutions/high rho/2DBPCAIH-inner_corner-128-0.9-0.5-0.1-trial_3-5.png>
Package pdftex.def Info: figures/2D-BPCAIH-analysis/class evolutions/high rho/2DBPCAIH-inner_corner-128-0.9-0.5-0.1-trial_3-5.png  used on input line 44.
(pdftex.def)             Requested size: 173.44534pt x 222.97604pt.
<figures/2D-BPCAIH-analysis/class evolutions/high rho/2DBPCAIH-inner_corner-128-0.9-0.5-0.1-trial_3-16.png, id=507, 1405.25pt x 1806.75pt>
File: figures/2D-BPCAIH-analysis/class evolutions/high rho/2DBPCAIH-inner_corner-128-0.9-0.5-0.1-trial_3-16.png Graphic file (type png)
<use figures/2D-BPCAIH-analysis/class evolutions/high rho/2DBPCAIH-inner_corner-128-0.9-0.5-0.1-trial_3-16.png>
Package pdftex.def Info: figures/2D-BPCAIH-analysis/class evolutions/high rho/2DBPCAIH-inner_corner-128-0.9-0.5-0.1-trial_3-16.png  used on input line 45.
(pdftex.def)             Requested size: 173.44534pt x 222.97604pt.
<figures/2D-BPCAIH-analysis/class evolutions/high rho/2DBPCAIH-inner_corner-128-0.9-0.5-0.1-trial_3-30.png, id=508, 1405.25pt x 1806.75pt>
File: figures/2D-BPCAIH-analysis/class evolutions/high rho/2DBPCAIH-inner_corner-128-0.9-0.5-0.1-trial_3-30.png Graphic file (type png)
<use figures/2D-BPCAIH-analysis/class evolutions/high rho/2DBPCAIH-inner_corner-128-0.9-0.5-0.1-trial_3-30.png>
Package pdftex.def Info: figures/2D-BPCAIH-analysis/class evolutions/high rho/2DBPCAIH-inner_corner-128-0.9-0.5-0.1-trial_3-30.png  used on input line 46.
(pdftex.def)             Requested size: 173.44534pt x 222.97604pt.
<figures/2D-BPCAIH-analysis/class evolutions/high rho/2DBPCAIH-inner_corner-128-0.9-0.5-0.1-trial_3-36.png, id=509, 1405.25pt x 1806.75pt>
File: figures/2D-BPCAIH-analysis/class evolutions/high rho/2DBPCAIH-inner_corner-128-0.9-0.5-0.1-trial_3-36.png Graphic file (type png)
<use figures/2D-BPCAIH-analysis/class evolutions/high rho/2DBPCAIH-inner_corner-128-0.9-0.5-0.1-trial_3-36.png>
Package pdftex.def Info: figures/2D-BPCAIH-analysis/class evolutions/high rho/2DBPCAIH-inner_corner-128-0.9-0.5-0.1-trial_3-36.png  used on input line 47.
(pdftex.def)             Requested size: 173.44534pt x 222.97604pt.
<figures/2D-BPCAIH-analysis/class evolutions/high rho high delta/2DBPCAIH-inner_corner-128-0.9-0.5-0.4-trial_3-5.png, id=510, 1405.25pt x 1806.75pt>
File: figures/2D-BPCAIH-analysis/class evolutions/high rho high delta/2DBPCAIH-inner_corner-128-0.9-0.5-0.4-trial_3-5.png Graphic file (type png)
<use figures/2D-BPCAIH-analysis/class evolutions/high rho high delta/2DBPCAIH-inner_corner-128-0.9-0.5-0.4-trial_3-5.png>
Package pdftex.def Info: figures/2D-BPCAIH-analysis/class evolutions/high rho high delta/2DBPCAIH-inner_corner-128-0.9-0.5-0.4-trial_3-5.png  used on input line 61.
(pdftex.def)             Requested size: 173.44534pt x 222.97604pt.
<figures/2D-BPCAIH-analysis/class evolutions/high rho high delta/2DBPCAIH-inner_corner-128-0.9-0.5-0.4-trial_3-13.png, id=511, 1405.25pt x 1806.75pt>
File: figures/2D-BPCAIH-analysis/class evolutions/high rho high delta/2DBPCAIH-inner_corner-128-0.9-0.5-0.4-trial_3-13.png Graphic file (type png)
<use figures/2D-BPCAIH-analysis/class evolutions/high rho high delta/2DBPCAIH-inner_corner-128-0.9-0.5-0.4-trial_3-13.png>
Package pdftex.def Info: figures/2D-BPCAIH-analysis/class evolutions/high rho high delta/2DBPCAIH-inner_corner-128-0.9-0.5-0.4-trial_3-13.png  used on input line 62.
(pdftex.def)             Requested size: 173.44534pt x 222.97604pt.
<figures/2D-BPCAIH-analysis/class evolutions/high rho high delta/2DBPCAIH-inner_corner-128-0.9-0.5-0.4-trial_3-19.png, id=512, 1405.25pt x 1806.75pt>
File: figures/2D-BPCAIH-analysis/class evolutions/high rho high delta/2DBPCAIH-inner_corner-128-0.9-0.5-0.4-trial_3-19.png Graphic file (type png)
<use figures/2D-BPCAIH-analysis/class evolutions/high rho high delta/2DBPCAIH-inner_corner-128-0.9-0.5-0.4-trial_3-19.png>
Package pdftex.def Info: figures/2D-BPCAIH-analysis/class evolutions/high rho high delta/2DBPCAIH-inner_corner-128-0.9-0.5-0.4-trial_3-19.png  used on input line 63.
(pdftex.def)             Requested size: 173.44534pt x 222.97604pt.
<figures/2D-BPCAIH-analysis/class evolutions/high rho high delta/2DBPCAIH-inner_corner-128-0.9-0.5-0.4-trial_3-29.png, id=513, 1405.25pt x 1806.75pt>
File: figures/2D-BPCAIH-analysis/class evolutions/high rho high delta/2DBPCAIH-inner_corner-128-0.9-0.5-0.4-trial_3-29.png Graphic file (type png)
<use figures/2D-BPCAIH-analysis/class evolutions/high rho high delta/2DBPCAIH-inner_corner-128-0.9-0.5-0.4-trial_3-29.png>
Package pdftex.def Info: figures/2D-BPCAIH-analysis/class evolutions/high rho high delta/2DBPCAIH-inner_corner-128-0.9-0.5-0.4-trial_3-29.png  used on input line 64.
(pdftex.def)             Requested size: 173.44534pt x 222.97604pt.
<figures/2D-BPCAIH-analysis/class evolutions/trad low rho high delta/2DBPCAIH-traditional-64-0.3-0.5-0.4-trial_3-2.png, id=516, 1429.34pt x 1806.75pt>
File: figures/2D-BPCAIH-analysis/class evolutions/trad low rho high delta/2DBPCAIH-traditional-64-0.3-0.5-0.4-trial_3-2.png Graphic file (type png)
<use figures/2D-BPCAIH-analysis/class evolutions/trad low rho high delta/2DBPCAIH-traditional-64-0.3-0.5-0.4-trial_3-2.png>
Package pdftex.def Info: figures/2D-BPCAIH-analysis/class evolutions/trad low rho high delta/2DBPCAIH-traditional-64-0.3-0.5-0.4-trial_3-2.png  used on input line 85.
(pdftex.def)             Requested size: 173.44534pt x 219.2267pt.
<figures/2D-BPCAIH-analysis/class evolutions/trad low rho high delta/2DBPCAIH-traditional-64-0.3-0.5-0.4-trial_3-13.png, id=517, 1429.34pt x 1806.75pt>
File: figures/2D-BPCAIH-analysis/class evolutions/trad low rho high delta/2DBPCAIH-traditional-64-0.3-0.5-0.4-trial_3-13.png Graphic file (type png)
<use figures/2D-BPCAIH-analysis/class evolutions/trad low rho high delta/2DBPCAIH-traditional-64-0.3-0.5-0.4-trial_3-13.png>
Package pdftex.def Info: figures/2D-BPCAIH-analysis/class evolutions/trad low rho high delta/2DBPCAIH-traditional-64-0.3-0.5-0.4-trial_3-13.png  used on input line 86.
(pdftex.def)             Requested size: 173.44534pt x 219.2267pt.
<figures/2D-BPCAIH-analysis/class evolutions/trad low rho high delta/2DBPCAIH-traditional-64-0.3-0.5-0.4-trial_3-50.png, id=518, 1429.34pt x 1806.75pt>
File: figures/2D-BPCAIH-analysis/class evolutions/trad low rho high delta/2DBPCAIH-traditional-64-0.3-0.5-0.4-trial_3-50.png Graphic file (type png)
<use figures/2D-BPCAIH-analysis/class evolutions/trad low rho high delta/2DBPCAIH-traditional-64-0.3-0.5-0.4-trial_3-50.png>
Package pdftex.def Info: figures/2D-BPCAIH-analysis/class evolutions/trad low rho high delta/2DBPCAIH-traditional-64-0.3-0.5-0.4-trial_3-50.png  used on input line 87.
(pdftex.def)             Requested size: 173.44534pt x 219.2267pt.
<figures/2D-BPCAIH-analysis/class evolutions/trad low rho high delta/2DBPCAIH-traditional-64-0.3-0.5-0.4-trial_3-80.png, id=519, 1429.34pt x 1806.75pt>
File: figures/2D-BPCAIH-analysis/class evolutions/trad low rho high delta/2DBPCAIH-traditional-64-0.3-0.5-0.4-trial_3-80.png Graphic file (type png)
<use figures/2D-BPCAIH-analysis/class evolutions/trad low rho high delta/2DBPCAIH-traditional-64-0.3-0.5-0.4-trial_3-80.png>
Package pdftex.def Info: figures/2D-BPCAIH-analysis/class evolutions/trad low rho high delta/2DBPCAIH-traditional-64-0.3-0.5-0.4-trial_3-80.png  used on input line 88.
(pdftex.def)             Requested size: 173.44534pt x 219.2267pt.
 [18] [19 <./figures/2D-BPCAIH-analysis/class evolutions/low rho/2DBPCAIH-inner_corner-128-0.1-0.5-0.4-trial_3-48.png> <./figures/2D-BPCAIH-analysis/class evolutions/low rho/2DBPCAIH-inner_corner-128-0.1-0.5-0.4-trial_3-69.png> <./figures/2D-BPCAIH-analysis/class evolutions/low rho/2DBPCAIH-inner_corner-128-0.1-0.5-0.4-trial_3-128.png> <./figures/2D-BPCAIH-analysis/class evolutions/low rho/2DBPCAIH-inner_corner-128-0.1-0.5-0.4-trial_3-200.png>] [20 <./figures/2D-BPCAIH-analysis/class evolutions/high rho/2DBPCAIH-inner_corner-128-0.9-0.5-0.1-trial_3-5.png> <./figures/2D-BPCAIH-analysis/class evolutions/high rho/2DBPCAIH-inner_corner-128-0.9-0.5-0.1-trial_3-16.png> <./figures/2D-BPCAIH-analysis/class evolutions/high rho/2DBPCAIH-inner_corner-128-0.9-0.5-0.1-trial_3-30.png> <./figures/2D-BPCAIH-analysis/class evolutions/high rho/2DBPCAIH-inner_corner-128-0.9-0.5-0.1-trial_3-36.png>] [21 <./figures/2D-BPCAIH-analysis/class evolutions/high rho high delta/2DBPCAIH-inner_corner-128-0.9-0.5-0.4-trial_3-5.png> <./figures/2D-BPCAIH-analysis/class evolutions/high rho high delta/2DBPCAIH-inner_corner-128-0.9-0.5-0.4-trial_3-13.png> <./figures/2D-BPCAIH-analysis/class evolutions/high rho high delta/2DBPCAIH-inner_corner-128-0.9-0.5-0.4-trial_3-19.png> <./figures/2D-BPCAIH-analysis/class evolutions/high rho high delta/2DBPCAIH-inner_corner-128-0.9-0.5-0.4-trial_3-29.png>] [22 <./figures/2D-BPCAIH-analysis/class evolutions/trad low rho high delta/2DBPCAIH-traditional-64-0.3-0.5-0.4-trial_3-2.png> <./figures/2D-BPCAIH-analysis/class evolutions/trad low rho high delta/2DBPCAIH-traditional-64-0.3-0.5-0.4-trial_3-13.png> <./figures/2D-BPCAIH-analysis/class evolutions/trad low rho high delta/2DBPCAIH-traditional-64-0.3-0.5-0.4-trial_3-50.png> <./figures/2D-BPCAIH-analysis/class evolutions/trad low rho high delta/2DBPCAIH-traditional-64-0.3-0.5-0.4-trial_3-80.png>]

Package hyperref Warning: Token not allowed in a PDF string (Unicode):
(hyperref)                removing `math shift' on input line 102.


Package hyperref Warning: Token not allowed in a PDF string (Unicode):
(hyperref)                removing `math shift' on input line 102.


Package hyperref Warning: Token not allowed in a PDF string (Unicode):
(hyperref)                removing `math shift' on input line 102.


Package hyperref Warning: Token not allowed in a PDF string (Unicode):
(hyperref)                removing `\rho' on input line 102.


Package hyperref Warning: Token not allowed in a PDF string (Unicode):
(hyperref)                removing `subscript' on input line 102.


Package hyperref Warning: Token not allowed in a PDF string (Unicode):
(hyperref)                removing `math shift' on input line 102.

<figures/2D-BPCAIH-analysis/m-plots/m-center-32.png, id=560, 1806.75pt x 1204.5pt>
File: figures/2D-BPCAIH-analysis/m-plots/m-center-32.png Graphic file (type png)
<use figures/2D-BPCAIH-analysis/m-plots/m-center-32.png>
Package pdftex.def Info: figures/2D-BPCAIH-analysis/m-plots/m-center-32.png  used on input line 111.
(pdftex.def)             Requested size: 173.44534pt x 115.62334pt.
<figures/2D-BPCAIH-analysis/m-plots/m-outer_corner-48.png, id=561, 1806.75pt x 1204.5pt>
File: figures/2D-BPCAIH-analysis/m-plots/m-outer_corner-48.png Graphic file (type png)
<use figures/2D-BPCAIH-analysis/m-plots/m-outer_corner-48.png>
Package pdftex.def Info: figures/2D-BPCAIH-analysis/m-plots/m-outer_corner-48.png  used on input line 112.
(pdftex.def)             Requested size: 173.44534pt x 115.62334pt.
<figures/2D-BPCAIH-analysis/m-plots/m-inner_corner-64.png, id=562, 1806.75pt x 1204.5pt>
File: figures/2D-BPCAIH-analysis/m-plots/m-inner_corner-64.png Graphic file (type png)
<use figures/2D-BPCAIH-analysis/m-plots/m-inner_corner-64.png>
Package pdftex.def Info: figures/2D-BPCAIH-analysis/m-plots/m-inner_corner-64.png  used on input line 113.
(pdftex.def)             Requested size: 173.44534pt x 115.62334pt.
<figures/2D-BPCAIH-analysis/m-plots/m-random-96.png, id=563, 1806.75pt x 1204.5pt>
File: figures/2D-BPCAIH-analysis/m-plots/m-random-96.png Graphic file (type png)
<use figures/2D-BPCAIH-analysis/m-plots/m-random-96.png>
Package pdftex.def Info: figures/2D-BPCAIH-analysis/m-plots/m-random-96.png  used on input line 114.
(pdftex.def)             Requested size: 173.44534pt x 115.62334pt.
<figures/2D-BPCAIH-analysis/m-plots/m-traditional-128.png, id=564, 1806.75pt x 1204.5pt>
File: figures/2D-BPCAIH-analysis/m-plots/m-traditional-128.png Graphic file (type png)
<use figures/2D-BPCAIH-analysis/m-plots/m-traditional-128.png>
Package pdftex.def Info: figures/2D-BPCAIH-analysis/m-plots/m-traditional-128.png  used on input line 115.
(pdftex.def)             Requested size: 173.44534pt x 115.62334pt.
[23] [24 <./figures/2D-BPCAIH-analysis/m-plots/m-center-32.png> <./figures/2D-BPCAIH-analysis/m-plots/m-outer_corner-48.png> <./figures/2D-BPCAIH-analysis/m-plots/m-inner_corner-64.png> <./figures/2D-BPCAIH-analysis/m-plots/m-random-96.png> <./figures/2D-BPCAIH-analysis/m-plots/m-traditional-128.png>]

Package hyperref Warning: Token not allowed in a PDF string (Unicode):
(hyperref)                removing `math shift' on input line 127.


Package hyperref Warning: Token not allowed in a PDF string (Unicode):
(hyperref)                removing `subscript' on input line 127.


Package hyperref Warning: Token not allowed in a PDF string (Unicode):
(hyperref)                removing `math shift' on input line 127.


Package hyperref Warning: Token not allowed in a PDF string (Unicode):
(hyperref)                removing `math shift' on input line 127.


Package hyperref Warning: Token not allowed in a PDF string (Unicode):
(hyperref)                removing `\rho' on input line 127.


Package hyperref Warning: Token not allowed in a PDF string (Unicode):
(hyperref)                removing `subscript' on input line 127.


Package hyperref Warning: Token not allowed in a PDF string (Unicode):
(hyperref)                removing `math shift' on input line 127.

<figures/2D-BPCAIH-analysis/t-plots/t-outer_corner-48.png, id=581, 1806.75pt x 1204.5pt>
File: figures/2D-BPCAIH-analysis/t-plots/t-outer_corner-48.png Graphic file (type png)
<use figures/2D-BPCAIH-analysis/t-plots/t-outer_corner-48.png>
Package pdftex.def Info: figures/2D-BPCAIH-analysis/t-plots/t-outer_corner-48.png  used on input line 139.
(pdftex.def)             Requested size: 212.47617pt x 141.64822pt.
<figures/2D-BPCAIH-analysis/t-plots/t-outer_corner-96.png, id=582, 1806.75pt x 1204.5pt>
File: figures/2D-BPCAIH-analysis/t-plots/t-outer_corner-96.png Graphic file (type png)
<use figures/2D-BPCAIH-analysis/t-plots/t-outer_corner-96.png>
Package pdftex.def Info: figures/2D-BPCAIH-analysis/t-plots/t-outer_corner-96.png  used on input line 140.
(pdftex.def)             Requested size: 212.47617pt x 141.64822pt.
<figures/2D-BPCAIH-analysis/t-plots/t-inner_corner-48.png, id=583, 1806.75pt x 1204.5pt>
File: figures/2D-BPCAIH-analysis/t-plots/t-inner_corner-48.png Graphic file (type png)
<use figures/2D-BPCAIH-analysis/t-plots/t-inner_corner-48.png>
Package pdftex.def Info: figures/2D-BPCAIH-analysis/t-plots/t-inner_corner-48.png  used on input line 141.
(pdftex.def)             Requested size: 212.47617pt x 141.64822pt.
<figures/2D-BPCAIH-analysis/t-plots/t-inner_corner-96.png, id=584, 1806.75pt x 1204.5pt>
File: figures/2D-BPCAIH-analysis/t-plots/t-inner_corner-96.png Graphic file (type png)
<use figures/2D-BPCAIH-analysis/t-plots/t-inner_corner-96.png>
Package pdftex.def Info: figures/2D-BPCAIH-analysis/t-plots/t-inner_corner-96.png  used on input line 142.
(pdftex.def)             Requested size: 212.47617pt x 141.64822pt.
<figures/2D-BPCAIH-analysis/t-plots/t-traditional-48.png, id=585, 1806.75pt x 1204.5pt>
File: figures/2D-BPCAIH-analysis/t-plots/t-traditional-48.png Graphic file (type png)
<use figures/2D-BPCAIH-analysis/t-plots/t-traditional-48.png>
Package pdftex.def Info: figures/2D-BPCAIH-analysis/t-plots/t-traditional-48.png  used on input line 143.
(pdftex.def)             Requested size: 212.47617pt x 141.64822pt.
<figures/2D-BPCAIH-analysis/t-plots/t-traditional-96.png, id=586, 1806.75pt x 1204.5pt>
File: figures/2D-BPCAIH-analysis/t-plots/t-traditional-96.png Graphic file (type png)
<use figures/2D-BPCAIH-analysis/t-plots/t-traditional-96.png>
Package pdftex.def Info: figures/2D-BPCAIH-analysis/t-plots/t-traditional-96.png  used on input line 144.
(pdftex.def)             Requested size: 212.47617pt x 141.64822pt.
<figures/2D-BPCAIH-analysis/rho-t ribbon plots/rho-t-ribbon-32.png, id=587, 1806.75pt x 1204.5pt>
File: figures/2D-BPCAIH-analysis/rho-t ribbon plots/rho-t-ribbon-32.png Graphic file (type png)
<use figures/2D-BPCAIH-analysis/rho-t ribbon plots/rho-t-ribbon-32.png>
Package pdftex.def Info: figures/2D-BPCAIH-analysis/rho-t ribbon plots/rho-t-ribbon-32.png  used on input line 151.
(pdftex.def)             Requested size: 212.47617pt x 141.64822pt.
<figures/2D-BPCAIH-analysis/rho-t ribbon plots/rho-t-ribbon-48.png, id=588, 1806.75pt x 1204.5pt>
File: figures/2D-BPCAIH-analysis/rho-t ribbon plots/rho-t-ribbon-48.png Graphic file (type png)
<use figures/2D-BPCAIH-analysis/rho-t ribbon plots/rho-t-ribbon-48.png>
Package pdftex.def Info: figures/2D-BPCAIH-analysis/rho-t ribbon plots/rho-t-ribbon-48.png  used on input line 152.
(pdftex.def)             Requested size: 212.47617pt x 141.64822pt.
<figures/2D-BPCAIH-analysis/rho-t ribbon plots/rho-t-ribbon-64.png, id=589, 1806.75pt x 1204.5pt>
File: figures/2D-BPCAIH-analysis/rho-t ribbon plots/rho-t-ribbon-64.png Graphic file (type png)
<use figures/2D-BPCAIH-analysis/rho-t ribbon plots/rho-t-ribbon-64.png>
Package pdftex.def Info: figures/2D-BPCAIH-analysis/rho-t ribbon plots/rho-t-ribbon-64.png  used on input line 153.
(pdftex.def)             Requested size: 212.47617pt x 141.64822pt.
<figures/2D-BPCAIH-analysis/rho-t ribbon plots/rho-t-ribbon-96.png, id=590, 1806.75pt x 1204.5pt>
File: figures/2D-BPCAIH-analysis/rho-t ribbon plots/rho-t-ribbon-96.png Graphic file (type png)
<use figures/2D-BPCAIH-analysis/rho-t ribbon plots/rho-t-ribbon-96.png>
Package pdftex.def Info: figures/2D-BPCAIH-analysis/rho-t ribbon plots/rho-t-ribbon-96.png  used on input line 154.
(pdftex.def)             Requested size: 212.47617pt x 141.64822pt.
<figures/2D-BPCAIH-analysis/rho-t ribbon plots/rho-t-ribbon-128.png, id=591, 1806.75pt x 1204.5pt>
File: figures/2D-BPCAIH-analysis/rho-t ribbon plots/rho-t-ribbon-128.png Graphic file (type png)
<use figures/2D-BPCAIH-analysis/rho-t ribbon plots/rho-t-ribbon-128.png>
Package pdftex.def Info: figures/2D-BPCAIH-analysis/rho-t ribbon plots/rho-t-ribbon-128.png  used on input line 155.
(pdftex.def)             Requested size: 212.47617pt x 141.64822pt.
[25] [26 <./figures/2D-BPCAIH-analysis/t-plots/t-outer_corner-48.png> <./figures/2D-BPCAIH-analysis/t-plots/t-outer_corner-96.png> <./figures/2D-BPCAIH-analysis/t-plots/t-inner_corner-48.png> <./figures/2D-BPCAIH-analysis/t-plots/t-inner_corner-96.png> <./figures/2D-BPCAIH-analysis/t-plots/t-traditional-48.png> <./figures/2D-BPCAIH-analysis/t-plots/t-traditional-96.png>] [27 <./figures/2D-BPCAIH-analysis/rho-t ribbon plots/rho-t-ribbon-32.png> <./figures/2D-BPCAIH-analysis/rho-t ribbon plots/rho-t-ribbon-48.png> <./figures/2D-BPCAIH-analysis/rho-t ribbon plots/rho-t-ribbon-64.png> <./figures/2D-BPCAIH-analysis/rho-t ribbon plots/rho-t-ribbon-96.png> <./figures/2D-BPCAIH-analysis/rho-t ribbon plots/rho-t-ribbon-128.png>]

Package hyperref Warning: Token not allowed in a PDF string (Unicode):
(hyperref)                removing `math shift' on input line 165.


Package hyperref Warning: Token not allowed in a PDF string (Unicode):
(hyperref)                removing `math shift' on input line 165.


Package hyperref Warning: Token not allowed in a PDF string (Unicode):
(hyperref)                removing `math shift' on input line 165.


Package hyperref Warning: Token not allowed in a PDF string (Unicode):
(hyperref)                removing `\delta' on input line 165.


Package hyperref Warning: Token not allowed in a PDF string (Unicode):
(hyperref)                removing `\lambda' on input line 165.


Package hyperref Warning: Token not allowed in a PDF string (Unicode):
(hyperref)                removing `math shift' on input line 165.


Package hyperref Warning: Token not allowed in a PDF string (Unicode):
(hyperref)                removing `math shift' on input line 167.


Package hyperref Warning: Token not allowed in a PDF string (Unicode):
(hyperref)                removing `subscript' on input line 167.


Package hyperref Warning: Token not allowed in a PDF string (Unicode):
(hyperref)                removing `math shift' on input line 167.


Package hyperref Warning: Token not allowed in a PDF string (Unicode):
(hyperref)                removing `math shift' on input line 167.


Package hyperref Warning: Token not allowed in a PDF string (Unicode):
(hyperref)                removing `\delta' on input line 167.


Package hyperref Warning: Token not allowed in a PDF string (Unicode):
(hyperref)                removing `\lambda' on input line 167.


Package hyperref Warning: Token not allowed in a PDF string (Unicode):
(hyperref)                removing `math shift' on input line 167.

<figures/2D-BPCAIH-analysis/dl-t plots/dl-t-32.png, id=619, 1806.75pt x 1204.5pt>
File: figures/2D-BPCAIH-analysis/dl-t plots/dl-t-32.png Graphic file (type png)
<use figures/2D-BPCAIH-analysis/dl-t plots/dl-t-32.png>
Package pdftex.def Info: figures/2D-BPCAIH-analysis/dl-t plots/dl-t-32.png  used on input line 178.
(pdftex.def)             Requested size: 212.47617pt x 141.64822pt.
<figures/2D-BPCAIH-analysis/dl-t plots/dl-t-128.png, id=620, 1806.75pt x 1204.5pt>
File: figures/2D-BPCAIH-analysis/dl-t plots/dl-t-128.png Graphic file (type png)
<use figures/2D-BPCAIH-analysis/dl-t plots/dl-t-128.png>
Package pdftex.def Info: figures/2D-BPCAIH-analysis/dl-t plots/dl-t-128.png  used on input line 179.
(pdftex.def)             Requested size: 212.47617pt x 141.64822pt.
[28 <./figures/2D-BPCAIH-analysis/dl-t plots/dl-t-32.png> <./figures/2D-BPCAIH-analysis/dl-t plots/dl-t-128.png>]) (./4mixedModels.tex [29]
Chapter 4.
) (./5summaryAndConclusions.tex [30

]
Chapter 5.
) (./appendix.tex [31

]
Appendix A.

Overfull \hbox (24.62773pt too wide) in paragraph at lines 46--49
  \OT1/cmr/m/n/12 You don't need to worry about equa-tions within the ap-pendix since L[]T[]Xautomatically
 []

[32

]
File: "codes/newC.cpp"  (verbatim)
 [33] [34]) (./main.bbl [35]) [36

] (./main.aux)
 ***********
LaTeX2e <2023-06-01> patch level 1
L3 programming layer <2023-08-29>
 ***********


LaTeX Font Warning: Some font shapes were not available, defaults substituted.


LaTeX Warning: There were multiply-defined labels.

Package rerunfilecheck Info: File `main.out' has not changed.
(rerunfilecheck)             Checksum: F182F91E792D8E459FEC06F0CB7D5120;7824.
 ) 
Here is how much of TeX's memory you used:
 12013 strings out of 474928
 205473 string characters out of 5763562
 1937785 words of memory out of 5000000
 33198 multiletter control sequences out of 15000+600000
 571559 words of font info for 93 fonts, out of 8000000 for 9000
 1141 hyphenation exceptions out of 8191
 75i,13n,79p,1704b,622s stack positions out of 10000i,1000n,20000p,200000b,200000s
<c:/texlive/2023/texmf-dist/fonts/type1/public/amsfonts/cm/cmbx12.pfb><c:/texlive/2023/texmf-dist/fonts/type1/public/amsfonts/cm/cmbxti10.pfb><c:/texlive/2023/texmf-dist/fonts/type1/public/amsfonts/cm/cmex10.pfb><c:/texlive/2023/texmf-dist/fonts/type1/public/amsfonts/cm/cmmi10.pfb><c:/texlive/2023/texmf-dist/fonts/type1/public/amsfonts/cm/cmmi12.pfb><c:/texlive/2023/texmf-dist/fonts/type1/public/amsfonts/cm/cmmi8.pfb><c:/texlive/2023/texmf-dist/fonts/type1/public/amsfonts/cm/cmr10.pfb><c:/texlive/2023/texmf-dist/fonts/type1/public/amsfonts/cm/cmr12.pfb><c:/texlive/2023/texmf-dist/fonts/type1/public/amsfonts/cm/cmr8.pfb><c:/texlive/2023/texmf-dist/fonts/type1/public/amsfonts/cm/cmsy10.pfb><c:/texlive/2023/texmf-dist/fonts/type1/public/amsfonts/cm/cmsy8.pfb><c:/texlive/2023/texmf-dist/fonts/type1/public/amsfonts/cm/cmti12.pfb><c:/texlive/2023/texmf-dist/fonts/type1/public/amsfonts/cm/cmtt10.pfb><c:/texlive/2023/texmf-dist/fonts/type1/public/amsfonts/cm/cmtt12.pfb><c:/texlive/2023/texmf-dist/fonts/type1/public/cm-super/sfrm1200.pfb>
Output written on main.pdf (47 pages, 7187415 bytes).
PDF statistics:
 785 PDF objects out of 1000 (max. 8388607)
 639 compressed objects within 7 object streams
 173 named destinations out of 1000 (max. 500000)
 567 words of extra memory for PDF output out of 10000 (max. 10000000)

